SF:lib\pattern\command\message\exam_message\add_exam_message.dart
DA:15,1
DA:17,1
DA:21,1
DA:22,1
DA:26,2
DA:28,1
DA:30,1
DA:32,1
DA:34,1
DA:35,1
DA:36,3
DA:37,3
DA:39,0
DA:41,0
LF:14
LH:12
end_of_record
SF:lib\pattern\command\message\exam_message\delete_exam_message.dart
DA:14,2
DA:18,1
DA:19,1
DA:21,1
DA:23,1
DA:25,1
DA:27,1
DA:28,1
DA:29,3
DA:31,0
DA:33,0
LF:11
LH:9
end_of_record
SF:lib\pattern\command\message\exam_message\mark_exam_message.dart
DA:13,2
DA:17,1
DA:18,1
DA:20,1
DA:22,1
DA:24,1
DA:26,2
DA:28,0
DA:30,0
LF:9
LH:7
end_of_record
SF:lib\pattern\command\message\name_degree_message.dart
DA:13,1
DA:15,0
DA:17,0
DA:19,1
DA:21,1
DA:22,0
DA:23,0
DA:25,0
DA:27,0
LF:9
LH:3
end_of_record
SF:lib\model\exam.dart
DA:17,0
DA:18,0
DA:25,1
DA:26,4
DA:27,1
DA:28,1
DA:32,0
DA:33,0
DA:34,0
DA:35,0
DA:39,3
DA:42,0
DA:45,0
DA:50,0
DA:51,0
DA:52,0
DA:53,0
DA:59,0
DA:60,0
DA:61,0
DA:62,0
DA:67,0
DA:68,0
DA:69,0
DA:70,0
DA:71,0
DA:72,0
DA:73,0
DA:75,0
DA:76,0
DA:77,0
DA:83,0
DA:85,0
DA:86,0
DA:87,0
DA:90,1
DA:92,1
DA:93,0
DA:94,0
DA:95,4
DA:96,6
DA:97,6
DA:100,0
DA:103,0
DA:104,0
DA:105,0
DA:106,0
LF:47
LH:10
end_of_record
SF:lib\pattern\observable\observable.dart
DA:9,0
DA:12,0
DA:15,0
DA:18,0
LF:4
LH:0
end_of_record
SF:lib\pattern\command\message\exam_message\exam_message.dart
DA:11,1
DA:13,1
DA:16,4
DA:19,0
DA:21,0
LF:5
LH:3
end_of_record
SF:lib\exception\exam_not_taken_exception.dart
DA:6,0
DA:8,0
LF:2
LH:0
end_of_record
SF:lib\exception\laude_exception.dart
DA:9,0
DA:11,0
DA:12,0
DA:13,0
LF:4
LH:0
end_of_record
SF:lib\exception\mark_exception.dart
DA:9,0
DA:11,0
DA:12,0
DA:13,0
LF:4
LH:0
end_of_record
