SF:lib\pattern\command\message\exam_message\add_exam_message.dart
DA:17,1
DA:19,1
DA:23,1
DA:24,1
DA:28,2
DA:30,1
DA:32,1
DA:34,1
DA:36,1
DA:37,1
DA:38,3
DA:39,3
DA:41,1
DA:42,1
DA:43,3
LF:15
LH:15
end_of_record
SF:lib\pattern\command\message\exam_message\delete_exam_message.dart
DA:15,1
DA:16,1
DA:20,1
DA:21,1
DA:23,1
DA:25,1
DA:27,1
DA:29,1
DA:30,1
DA:31,3
DA:33,1
DA:34,3
LF:12
LH:12
end_of_record
SF:lib\pattern\command\message\exam_message\mark_exam_message.dart
DA:15,2
DA:19,1
DA:20,1
DA:22,1
DA:24,1
DA:26,1
DA:27,2
DA:29,1
DA:30,3
LF:9
LH:9
end_of_record
SF:lib\pattern\command\message\name_degree_message.dart
DA:12,1
DA:14,1
DA:16,1
DA:18,1
DA:21,4
DA:24,1
DA:25,2
LF:7
LH:7
end_of_record
SF:lib\model\exam.dart
DA:18,0
DA:19,0
DA:26,1
DA:27,4
DA:28,1
DA:29,1
DA:33,0
DA:34,0
DA:35,0
DA:36,0
DA:40,3
DA:43,0
DA:46,0
DA:51,0
DA:52,0
DA:53,0
DA:59,0
DA:60,0
DA:61,0
DA:66,0
DA:67,0
DA:68,0
DA:69,0
DA:70,0
DA:71,0
DA:72,0
DA:74,0
DA:75,0
DA:76,0
DA:82,0
DA:84,0
DA:85,0
DA:86,0
DA:89,1
DA:91,1
DA:92,0
DA:93,0
DA:94,0
DA:95,0
DA:96,1
DA:97,3
DA:98,3
DA:99,3
DA:100,3
DA:101,3
DA:104,1
DA:105,1
DA:106,6
DA:107,0
LF:49
LH:16
end_of_record
SF:lib\pattern\observable\observable.dart
DA:9,0
DA:12,0
DA:15,0
DA:18,0
LF:4
LH:0
end_of_record
SF:lib\pattern\command\message\exam_message\exam_message.dart
DA:11,1
DA:13,1
DA:16,4
DA:19,0
DA:20,0
LF:5
LH:3
end_of_record
SF:lib\exception\exam_not_taken_exception.dart
DA:6,0
DA:8,0
LF:2
LH:0
end_of_record
SF:lib\exception\laude_exception.dart
DA:8,0
DA:10,0
DA:11,0
DA:12,0
LF:4
LH:0
end_of_record
SF:lib\exception\mark_exception.dart
DA:8,0
DA:10,0
DA:11,0
LF:3
LH:0
end_of_record
